<?xml version="1.0" encoding="UTF-8"?>
<!-- Generated by org.testng.reporters.JUnitXMLReporter -->
<testsuite ignored="2" hostname="Techboy-Kishor" failures="0" tests="3" name="Surefire test" time="0.306" errors="0" timestamp="2022-09-12T12:17:49 IST">
  <testcase classname="com.qa.testBase.TestBase" name="@BeforeTest setUp" time="-1.662965268173E9">
    <failure type="org.testng.TestNGException" message="
Parameter &amp;apos;browser&amp;apos; is required by BeforeTest on method setUp but has not been marked @Optional or defined
">
      <![CDATA[org.testng.TestNGException: 
Parameter 'browser' is required by BeforeTest on method setUp but has not been marked @Optional or defined

... Removed 26 stack frames]]>
    </failure>
  </testcase> <!-- @BeforeTest setUp -->
  <testcase classname="com.qa.testcases.FlipkartAppleTest" name="@BeforeClass initiatePageClasses" time="-1.662965268316E9">
    <skipped/>
  </testcase> <!-- @BeforeClass initiatePageClasses -->
  <testcase classname="com.qa.testcases.PriceCompareTest" name="@BeforeClass initializePageClasses" time="-1.662965268457E9">
    <skipped/>
  </testcase> <!-- @BeforeClass initializePageClasses -->
  <testcase classname="com.qa.testBase.TestBaseRough" name="@BeforeClass setUp" time="-1.662965268463E9">
    <skipped/>
  </testcase> <!-- @BeforeClass setUp -->
  <testcase classname="com.qa.testcases.FlipkartAppleTest" name="flipkartAppleDetails" time="0.0">
    <skipped/>
  </testcase> <!-- flipkartAppleDetails -->
  <testcase classname="com.qa.testcases.PriceCompareTest" name="amoazonAppleDetails" time="0.0">
    <skipped/>
  </testcase> <!-- amoazonAppleDetails -->
  <testcase classname="com.qa.testcases.RoughTest" name="AmazonURl" time="0.0">
    <skipped/>
  </testcase> <!-- AmazonURl -->
  <testcase classname="com.qa.testBase.TestBase" name="@BeforeTest setUp" time="0.0">
    <ignored/>
  </testcase> <!-- @BeforeTest setUp -->
  <testcase classname="com.qa.testBase.TestBase" name="@BeforeTest setUp" time="0.0">
    <ignored/>
  </testcase> <!-- @BeforeTest setUp -->
</testsuite> <!-- Surefire test -->
