<?xml version="1.0" encoding="UTF-8"?>
<!-- Generated by org.testng.reporters.JUnitXMLReporter -->
<testsuite ignored="0" hostname="Techboy-Kishor" failures="3" tests="12" name="SingleClass" time="177.827" errors="0" timestamp="2022-09-20T23:17:59 IST">
  <testcase classname="com.qa.testcases.RoughTest" name="AmazonURl" time="135.696">
    <skipped/>
  </testcase> <!-- AmazonURl -->
  <testcase classname="com.qa.testcases.RoughTest" name="AmazonURl" time="26.055">
    <skipped/>
  </testcase> <!-- AmazonURl -->
  <testcase classname="com.qa.testcases.RoughTest" name="AmazonURl" time="0.029">
    <skipped/>
  </testcase> <!-- AmazonURl -->
  <testcase classname="com.qa.testcases.RoughTest" name="AmazonURl" time="0.043">
    <failure type="org.openqa.selenium.NoSuchWindowException" message="no such window: target window already closed
from unknown error: web view not found
  (Session info: chrome=103.0.5060.66)
Build info: version: &amp;apos;4.4.0&amp;apos;, revision: &amp;apos;e5c75ed026a&amp;apos;
System info: host: &amp;apos;TECHBOY-KISHOR&amp;apos;, ip: &amp;apos;192.168.1.2&amp;apos;, os.name: &amp;apos;Windows 10&amp;apos;, os.arch: &amp;apos;amd64&amp;apos;, os.version: &amp;apos;10.0&amp;apos;, java.version: &amp;apos;17.0.3&amp;apos;
Driver info: org.openqa.selenium.chrome.ChromeDriver
Command: [bedc34e397672c8481d097f7fce12adc, get {url=https://www.amazon.in/}]
Capabilities {acceptInsecureCerts: false, browserName: chrome, browserVersion: 103.0.5060.66, chrome: {chromedriverVersion: 103.0.5060.134 (8ec6fce403b..., userDataDir: C:\Users\DELL\AppData\Local...}, goog:chromeOptions: {debuggerAddress: localhost:59581}, networkConnectionEnabled: false, pageLoadStrategy: normal, platformName: WINDOWS, proxy: Proxy(), se:cdp: ws://localhost:59581/devtoo..., se:cdpVersion: 103.0.5060.66, setWindowRect: true, strictFileInteractability: false, timeouts: {implicit: 0, pageLoad: 300000, script: 30000}, unhandledPromptBehavior: dismiss and notify, webauthn:extension:credBlob: true, webauthn:extension:largeBlob: true, webauthn:virtualAuthenticators: true}
Session ID: bedc34e397672c8481d097f7fce12adc">
      <![CDATA[org.openqa.selenium.NoSuchWindowException: no such window: target window already closed
from unknown error: web view not found
  (Session info: chrome=103.0.5060.66)
Build info: version: '4.4.0', revision: 'e5c75ed026a'
System info: host: 'TECHBOY-KISHOR', ip: '192.168.1.2', os.name: 'Windows 10', os.arch: 'amd64', os.version: '10.0', java.version: '17.0.3'
Driver info: org.openqa.selenium.chrome.ChromeDriver
Command: [bedc34e397672c8481d097f7fce12adc, get {url=https://www.amazon.in/}]
Capabilities {acceptInsecureCerts: false, browserName: chrome, browserVersion: 103.0.5060.66, chrome: {chromedriverVersion: 103.0.5060.134 (8ec6fce403b..., userDataDir: C:\Users\DELL\AppData\Local...}, goog:chromeOptions: {debuggerAddress: localhost:59581}, networkConnectionEnabled: false, pageLoadStrategy: normal, platformName: WINDOWS, proxy: Proxy(), se:cdp: ws://localhost:59581/devtoo..., se:cdpVersion: 103.0.5060.66, setWindowRect: true, strictFileInteractability: false, timeouts: {implicit: 0, pageLoad: 300000, script: 30000}, unhandledPromptBehavior: dismiss and notify, webauthn:extension:credBlob: true, webauthn:extension:largeBlob: true, webauthn:virtualAuthenticators: true}
Session ID: bedc34e397672c8481d097f7fce12adc
at org.openqa.selenium.remote.codec.w3c.W3CHttpResponseCodec.createException(W3CHttpResponseCodec.java:200)
at org.openqa.selenium.remote.codec.w3c.W3CHttpResponseCodec.decode(W3CHttpResponseCodec.java:133)
at org.openqa.selenium.remote.codec.w3c.W3CHttpResponseCodec.decode(W3CHttpResponseCodec.java:53)
at org.openqa.selenium.remote.HttpCommandExecutor.execute(HttpCommandExecutor.java:184)
at org.openqa.selenium.remote.service.DriverCommandExecutor.invokeExecute(DriverCommandExecutor.java:167)
at org.openqa.selenium.remote.service.DriverCommandExecutor.execute(DriverCommandExecutor.java:142)
at org.openqa.selenium.remote.RemoteWebDriver.execute(RemoteWebDriver.java:547)
at org.openqa.selenium.remote.RemoteWebDriver.get(RemoteWebDriver.java:310)
at com.qa.testcases.RoughTest.AmazonURl(RoughTest.java:17)
at java.base/java.util.ArrayList.forEach(ArrayList.java:1511)
... Removed 31 stack frames]]>
    </failure>
  </testcase> <!-- AmazonURl -->
  <testcase classname="com.qa.extentreports.TestLogic" name="m1" time="0.05">
    <skipped/>
  </testcase> <!-- m1 -->
  <testcase classname="com.qa.extentreports.TestLogic" name="m1" time="0.007">
    <skipped/>
  </testcase> <!-- m1 -->
  <testcase classname="com.qa.extentreports.TestLogic" name="m1" time="0.034">
    <skipped/>
  </testcase> <!-- m1 -->
  <testcase classname="com.qa.extentreports.TestLogic" name="m1" time="0.006">
    <failure type="java.lang.AssertionError" message="expected [true] but found [false]">
      <![CDATA[java.lang.AssertionError: expected [true] but found [false]
at com.qa.extentreports.TestLogic.m1(TestLogic.java:11)
at java.base/java.util.ArrayList.forEach(ArrayList.java:1511)
... Removed 33 stack frames]]>
    </failure>
  </testcase> <!-- m1 -->
  <testcase classname="com.qa.extentreports.TestLogic" name="m2" time="0.007">
    <skipped/>
  </testcase> <!-- m2 -->
  <testcase classname="com.qa.extentreports.TestLogic" name="m2" time="0.006">
    <skipped/>
  </testcase> <!-- m2 -->
  <testcase classname="com.qa.extentreports.TestLogic" name="m2" time="0.015">
    <skipped/>
  </testcase> <!-- m2 -->
  <testcase classname="com.qa.extentreports.TestLogic" name="m2" time="0.005">
    <failure type="java.lang.AssertionError" message="expected [true] but found [false]">
      <![CDATA[java.lang.AssertionError: expected [true] but found [false]
at com.qa.extentreports.TestLogic.m2(TestLogic.java:17)
at java.base/java.util.ArrayList.forEach(ArrayList.java:1511)
... Removed 33 stack frames]]>
    </failure>
  </testcase> <!-- m2 -->
</testsuite> <!-- SingleClass -->
